0 info it worked if it ends with ok
1 verbose cli [ 'node', '/usr/local/bin/npm', 'install', '-g', 'component' ]
2 info using npm@1.4.28
3 info using node@v0.10.35
4 verbose cache add [ 'component', null ]
5 verbose cache add name=undefined spec="component" args=["component",null]
6 verbose parsed url { protocol: null,
6 verbose parsed url   slashes: null,
6 verbose parsed url   auth: null,
6 verbose parsed url   host: null,
6 verbose parsed url   port: null,
6 verbose parsed url   hostname: null,
6 verbose parsed url   hash: null,
6 verbose parsed url   search: null,
6 verbose parsed url   query: null,
6 verbose parsed url   pathname: 'component',
6 verbose parsed url   path: 'component',
6 verbose parsed url   href: 'component' }
7 silly lockFile 335c4c1e-component component
8 verbose lock component /Users/aakashanandmishra/.npm/335c4c1e-component.lock
9 silly lockFile 335c4c1e-component component
10 silly lockFile 335c4c1e-component component
11 verbose addNamed [ 'component', '' ]
12 verbose addNamed [ null, '*' ]
13 silly lockFile fa4251c1-component component@
14 verbose lock component@ /Users/aakashanandmishra/.npm/fa4251c1-component.lock
15 silly addNameRange { name: 'component', range: '*', hasData: false }
16 verbose request where is /component
17 verbose request registry https://registry.npmjs.org/
18 verbose request id 77d98522bb0840bc
19 verbose url raw /component
20 verbose url resolving [ 'https://registry.npmjs.org/', './component' ]
21 verbose url resolved https://registry.npmjs.org/component
22 verbose request where is https://registry.npmjs.org/component
23 info trying registry request attempt 1 at 11:36:02
24 http GET https://registry.npmjs.org/component
25 http 200 https://registry.npmjs.org/component
26 silly registry.get cb [ 200,
26 silly registry.get   { date: 'Fri, 06 Mar 2015 17:36:02 GMT',
26 silly registry.get     server: 'CouchDB/1.5.0 (Erlang OTP/R16B03)',
26 silly registry.get     etag: '"1U9VB08SCJIY75R6Y0TIT8GZZ"',
26 silly registry.get     'content-type': 'application/json',
26 silly registry.get     'cache-control': 'max-age=60',
26 silly registry.get     'content-length': '135383',
26 silly registry.get     'accept-ranges': 'bytes',
26 silly registry.get     via: '1.1 varnish',
26 silly registry.get     age: '0',
26 silly registry.get     'x-served-by': 'cache-dfw1822-DFW',
26 silly registry.get     'x-cache': 'MISS',
26 silly registry.get     'x-cache-hits': '0',
26 silly registry.get     'x-timer': 'S1425663361.981040,VS0,VE256',
26 silly registry.get     vary: 'Accept',
26 silly registry.get     'keep-alive': 'timeout=10, max=50',
26 silly registry.get     connection: 'Keep-Alive' } ]
27 silly addNameRange number 2 { name: 'component', range: '*', hasData: true }
28 silly addNameRange versions [ 'component',
28 silly addNameRange   [ '0.0.1',
28 silly addNameRange     '0.0.2',
28 silly addNameRange     '0.0.3',
28 silly addNameRange     '0.0.4',
28 silly addNameRange     '0.0.5',
28 silly addNameRange     '0.0.6',
28 silly addNameRange     '0.0.7',
28 silly addNameRange     '0.1.0',
28 silly addNameRange     '0.1.1',
28 silly addNameRange     '0.2.0',
28 silly addNameRange     '0.3.0',
28 silly addNameRange     '0.4.0',
28 silly addNameRange     '0.4.1',
28 silly addNameRange     '0.4.2',
28 silly addNameRange     '0.5.0',
28 silly addNameRange     '0.6.0',
28 silly addNameRange     '0.6.2',
28 silly addNameRange     '0.6.3',
28 silly addNameRange     '0.6.4',
28 silly addNameRange     '0.7.0',
28 silly addNameRange     '0.7.1',
28 silly addNameRange     '0.8.0',
28 silly addNameRange     '0.9.0',
28 silly addNameRange     '0.9.1',
28 silly addNameRange     '0.10.0',
28 silly addNameRange     '0.10.1',
28 silly addNameRange     '0.11.0',
28 silly addNameRange     '0.11.1',
28 silly addNameRange     '0.12.0',
28 silly addNameRange     '0.13.0',
28 silly addNameRange     '0.13.1',
28 silly addNameRange     '0.13.2',
28 silly addNameRange     '0.14.0',
28 silly addNameRange     '0.15.0',
28 silly addNameRange     '0.15.1',
28 silly addNameRange     '0.16.0',
28 silly addNameRange     '0.16.1',
28 silly addNameRange     '0.16.2',
28 silly addNameRange     '0.16.3',
28 silly addNameRange     '0.16.4',
28 silly addNameRange     '0.16.5',
28 silly addNameRange     '0.16.6',
28 silly addNameRange     '0.16.7',
28 silly addNameRange     '0.16.8',
28 silly addNameRange     '0.17.0',
28 silly addNameRange     '0.17.2',
28 silly addNameRange     '0.17.3',
28 silly addNameRange     '0.17.4',
28 silly addNameRange     '0.17.5',
28 silly addNameRange     '0.17.6',
28 silly addNameRange     '0.18.0',
28 silly addNameRange     '0.19.0',
28 silly addNameRange     '0.19.1',
28 silly addNameRange     '0.19.2',
28 silly addNameRange     '0.19.3',
28 silly addNameRange     '0.19.4',
28 silly addNameRange     '0.19.5',
28 silly addNameRange     '0.19.6',
28 silly addNameRange     '0.19.7',
28 silly addNameRange     '0.19.8',
28 silly addNameRange     '1.0.0-rc1',
28 silly addNameRange     '1.0.0-rc2',
28 silly addNameRange     '1.0.0-rc3',
28 silly addNameRange     '1.0.0-rc4',
28 silly addNameRange     '1.0.0-rc5',
28 silly addNameRange     '0.19.9',
28 silly addNameRange     '1.0.0-rc6',
28 silly addNameRange     '1.0.0-rc7',
28 silly addNameRange     '1.0.0',
28 silly addNameRange     '1.0.1',
28 silly addNameRange     '1.0.2' ] ]
29 verbose addNamed [ 'component', '1.0.2' ]
30 verbose addNamed [ '1.0.2', '1.0.2' ]
31 silly lockFile 675ef3f7-component-1-0-2 component@1.0.2
32 verbose lock component@1.0.2 /Users/aakashanandmishra/.npm/675ef3f7-component-1-0-2.lock
33 silly lockFile 8cd1d3d0-rg-component-component-1-0-2-tgz https://registry.npmjs.org/component/-/component-1.0.2.tgz
34 verbose lock https://registry.npmjs.org/component/-/component-1.0.2.tgz /Users/aakashanandmishra/.npm/8cd1d3d0-rg-component-component-1-0-2-tgz.lock
35 verbose addRemoteTarball [ 'https://registry.npmjs.org/component/-/component-1.0.2.tgz',
35 verbose addRemoteTarball   '9421800f502c071f3e623d4a9901ddfb31b989ba' ]
36 info retry fetch attempt 1 at 11:36:02
37 verbose fetch to= /var/folders/kp/r_s4xzsd1vj2vptpnpb9htwh0000gn/T/npm-5820-d_QkLsMn/registry.npmjs.org/component/-/component-1.0.2.tgz
38 http GET https://registry.npmjs.org/component/-/component-1.0.2.tgz
39 http 200 https://registry.npmjs.org/component/-/component-1.0.2.tgz
40 silly lockFile 8cd1d3d0-rg-component-component-1-0-2-tgz https://registry.npmjs.org/component/-/component-1.0.2.tgz
41 silly lockFile 8cd1d3d0-rg-component-component-1-0-2-tgz https://registry.npmjs.org/component/-/component-1.0.2.tgz
42 silly lockFile 675ef3f7-component-1-0-2 component@1.0.2
43 silly lockFile 675ef3f7-component-1-0-2 component@1.0.2
44 silly lockFile fa4251c1-component component@
45 silly lockFile fa4251c1-component component@
46 silly resolved [ { name: 'component',
46 silly resolved     version: '1.0.2',
46 silly resolved     description: 'Component package manager consuming git repositories',
46 silly resolved     keywords: [ 'component', 'package', 'client', 'browser', 'module' ],
46 silly resolved     author: { name: 'TJ Holowaychuk', email: 'tj@vision-media.ca' },
46 silly resolved     repository: { type: 'git', url: 'https://github.com/componentjs/component' },
46 silly resolved     dependencies:
46 silly resolved      { 'component-build': '^1.2.2',
46 silly resolved        'component-consoler': '^2.0.0',
46 silly resolved        'component-flatten': '^1.0.1',
46 silly resolved        'component-ls': '^2.1.0',
46 silly resolved        'component-outdated2': '^1.0.4',
46 silly resolved        'component-pin': '^1.0.4',
46 silly resolved        'component-resolver': '^1.2.6',
46 silly resolved        'component-search2': '^1.1.1',
46 silly resolved        'component-updater': '^1.0.4',
46 silly resolved        'component-watcher': '^1.0.1',
46 silly resolved        'component-remotes': '^1.1.6',
46 silly resolved        commander: '^2.2.0',
46 silly resolved        semver: '^2.2.1',
46 silly resolved        mkdirp: '~0.3.5',
46 silly resolved        rimraf: '^2.2.6',
46 silly resolved        superagent: '~0.17.0',
46 silly resolved        'win-fork': '~1.1.1',
46 silly resolved        debug: '*',
46 silly resolved        co: '^3.0.0',
46 silly resolved        'tiny-lr-fork': '0.0.5' },
46 silly resolved     devDependencies: { mocha: '1', should: '3' },
46 silly resolved     bin:
46 silly resolved      { component: 'bin/component',
46 silly resolved        'component-build': 'bin/component-build',
46 silly resolved        'component-crawl': 'bin/component-crawl',
46 silly resolved        'component-duplicates': 'bin/component-duplicates',
46 silly resolved        'component-help': 'bin/component-help',
46 silly resolved        'component-install': 'bin/component-install',
46 silly resolved        'component-link': 'bin/component-link',
46 silly resolved        'component-ls': 'bin/component-ls',
46 silly resolved        'component-outdated': 'bin/component-outdated',
46 silly resolved        'component-pin': 'bin/component-pin',
46 silly resolved        'component-search': 'bin/component-search',
46 silly resolved        'component-update': 'bin/component-update',
46 silly resolved        'component-validate': 'bin/component-validate' },
46 silly resolved     main: 'lib/component',
46 silly resolved     engines: { node: '>= 0.10.0' },
46 silly resolved     scripts: { test: 'make test' },
46 silly resolved     bugs: { url: 'https://github.com/componentjs/component/issues' },
46 silly resolved     homepage: 'https://github.com/componentjs/component',
46 silly resolved     _id: 'component@1.0.2',
46 silly resolved     _shasum: '9421800f502c071f3e623d4a9901ddfb31b989ba',
46 silly resolved     _from: 'component@',
46 silly resolved     _npmVersion: '2.1.3',
46 silly resolved     _nodeVersion: '0.10.24',
46 silly resolved     _npmUser: { name: 'timaschew', email: 'timaschew@gmail.com' },
46 silly resolved     maintainers:
46 silly resolved      [ [Object],
46 silly resolved        [Object],
46 silly resolved        [Object],
46 silly resolved        [Object],
46 silly resolved        [Object],
46 silly resolved        [Object],
46 silly resolved        [Object],
46 silly resolved        [Object],
46 silly resolved        [Object],
46 silly resolved        [Object],
46 silly resolved        [Object],
46 silly resolved        [Object],
46 silly resolved        [Object],
46 silly resolved        [Object],
46 silly resolved        [Object],
46 silly resolved        [Object],
46 silly resolved        [Object],
46 silly resolved        [Object],
46 silly resolved        [Object],
46 silly resolved        [Object],
46 silly resolved        [Object],
46 silly resolved        [Object],
46 silly resolved        [Object],
46 silly resolved        [Object],
46 silly resolved        [Object],
46 silly resolved        [Object],
46 silly resolved        [Object],
46 silly resolved        [Object],
46 silly resolved        [Object],
46 silly resolved        [Object],
46 silly resolved        [Object] ],
46 silly resolved     dist:
46 silly resolved      { shasum: '9421800f502c071f3e623d4a9901ddfb31b989ba',
46 silly resolved        tarball: 'http://registry.npmjs.org/component/-/component-1.0.2.tgz' },
46 silly resolved     directories: {},
46 silly resolved     _resolved: 'https://registry.npmjs.org/component/-/component-1.0.2.tgz' } ]
47 info install component@1.0.2 into /usr/local/lib
48 info installOne component@1.0.2
49 verbose lib/node_modules/component unbuild
50 verbose tar unpack /Users/aakashanandmishra/.npm/component/1.0.2/package.tgz
51 silly lockFile dce08b93-local-lib-node-modules-component tar:///usr/local/lib/node_modules/component
52 verbose lock tar:///usr/local/lib/node_modules/component /Users/aakashanandmishra/.npm/dce08b93-local-lib-node-modules-component.lock
53 silly lockFile 5da94298--npm-component-1-0-2-package-tgz tar:///Users/aakashanandmishra/.npm/component/1.0.2/package.tgz
54 verbose lock tar:///Users/aakashanandmishra/.npm/component/1.0.2/package.tgz /Users/aakashanandmishra/.npm/5da94298--npm-component-1-0-2-package-tgz.lock
55 silly gunzTarPerm modes [ '755', '644' ]
56 error Error: EACCES, mkdir '/usr/local/lib/node_modules/component'
56 error  { [Error: EACCES, mkdir '/usr/local/lib/node_modules/component']
56 error   errno: 3,
56 error   code: 'EACCES',
56 error   path: '/usr/local/lib/node_modules/component',
56 error   fstream_type: 'Directory',
56 error   fstream_path: '/usr/local/lib/node_modules/component',
56 error   fstream_class: 'DirWriter',
56 error   fstream_stack:
56 error    [ '/usr/local/lib/node_modules/npm/node_modules/fstream/lib/dir-writer.js:36:23',
56 error      '/usr/local/lib/node_modules/npm/node_modules/mkdirp/index.js:46:53',
56 error      'Object.oncomplete (fs.js:108:15)' ] }
57 error Please try running this command again as root/Administrator.
58 error System Darwin 14.1.0
59 error command "node" "/usr/local/bin/npm" "install" "-g" "component"
60 error cwd /Users/aakashanandmishra/Desktop/todo
61 error node -v v0.10.35
62 error npm -v 1.4.28
63 error path /usr/local/lib/node_modules/component
64 error fstream_path /usr/local/lib/node_modules/component
65 error fstream_type Directory
66 error fstream_class DirWriter
67 error code EACCES
68 error errno 3
69 error stack Error: EACCES, mkdir '/usr/local/lib/node_modules/component'
70 error fstream_stack /usr/local/lib/node_modules/npm/node_modules/fstream/lib/dir-writer.js:36:23
70 error fstream_stack /usr/local/lib/node_modules/npm/node_modules/mkdirp/index.js:46:53
70 error fstream_stack Object.oncomplete (fs.js:108:15)
71 verbose exit [ 3, true ]
